/root/miniconda3/lib/python3.12/site-packages/juliacall/__init__.py:61: UserWarning: torch was imported before juliacall. This may cause a segfault. To avoid this, import juliacall before importing torch. For updates, see https://github.com/pytorch/pytorch/issues/78829.
  warnings.warn(
ValueError: Error from parse_expr with transformed code: "Integer (1 )/(gamma -Integer (1 ))*Symbol ('pr' )*Symbol ('V' )"

The above exception was the direct cause of the following exception:

Traceback (most recent call last):
  File "/root/autodl-tmp/physics_fm_remote/scripts/run_pysr_pmlb_feynman_baseline.py", line 183, in <module>
    main()
  File "/root/autodl-tmp/physics_fm_remote/scripts/run_pysr_pmlb_feynman_baseline.py", line 158, in main
    row = run_task(task, args, rng, idx)
          ^^^^^^^^^^^^^^^^^^^^^^^^^^^^^^
  File "/root/autodl-tmp/physics_fm_remote/scripts/run_pysr_pmlb_feynman_baseline.py", line 93, in run_task
    train_values, train_error = make_values(task, args.q, rng)
                                ^^^^^^^^^^^^^^^^^^^^^^^^^^^^^^
  File "/root/autodl-tmp/physics_fm_remote/scripts/run_pysr_pmlb_feynman_baseline.py", line 65, in make_values
    expr = sympy.sympify(rhs.replace("^", "**"))
           ^^^^^^^^^^^^^^^^^^^^^^^^^^^^^^^^^^^^^
  File "/root/miniconda3/lib/python3.12/site-packages/sympy/core/sympify.py", line 507, in sympify
    expr = parse_expr(a, local_dict=locals, transformations=transformations, evaluate=evaluate)
           ^^^^^^^^^^^^^^^^^^^^^^^^^^^^^^^^^^^^^^^^^^^^^^^^^^^^^^^^^^^^^^^^^^^^^^^^^^^^^^^^^^^^
  File "/root/miniconda3/lib/python3.12/site-packages/sympy/parsing/sympy_parser.py", line 1090, in parse_expr
    raise e from ValueError(f"Error from parse_expr with transformed code: {code!r}")
  File "/root/miniconda3/lib/python3.12/site-packages/sympy/parsing/sympy_parser.py", line 1081, in parse_expr
    rv = eval_expr(code, local_dict, global_dict)
         ^^^^^^^^^^^^^^^^^^^^^^^^^^^^^^^^^^^^^^^^
  File "/root/miniconda3/lib/python3.12/site-packages/sympy/parsing/sympy_parser.py", line 905, in eval_expr
    expr = eval(
           ^^^^^
  File "<string>", line 1, in <module>
TypeError: unsupported operand type(s) for -: 'FunctionClass' and 'One'
/root/miniconda3/lib/python3.12/site-packages/juliacall/__init__.py:61: UserWarning: torch was imported before juliacall. This may cause a segfault. To avoid this, import juliacall before importing torch. For updates, see https://github.com/pytorch/pytorch/issues/78829.
  warnings.warn(
ValueError: Error from parse_expr with transformed code: "Integer (1 )/(gamma -Integer (1 ))*Symbol ('pr' )*Symbol ('V' )"

The above exception was the direct cause of the following exception:

Traceback (most recent call last):
  File "/root/autodl-tmp/physics_fm_remote/scripts/run_pysr_pmlb_feynman_learned_prior.py", line 430, in <module>
    main()
  File "/root/autodl-tmp/physics_fm_remote/scripts/run_pysr_pmlb_feynman_learned_prior.py", line 394, in main
    row = run_task(task, support_clf, op_clf, args, rng, idx)
          ^^^^^^^^^^^^^^^^^^^^^^^^^^^^^^^^^^^^^^^^^^^^^^^^^^^
  File "/root/autodl-tmp/physics_fm_remote/scripts/run_pysr_pmlb_feynman_learned_prior.py", line 315, in run_task
    train_values, train_error = make_values(task, args.q, rng)
                                ^^^^^^^^^^^^^^^^^^^^^^^^^^^^^^
  File "/root/autodl-tmp/physics_fm_remote/scripts/run_pysr_pmlb_feynman_baseline.py", line 65, in make_values
    expr = sympy.sympify(rhs.replace("^", "**"))
           ^^^^^^^^^^^^^^^^^^^^^^^^^^^^^^^^^^^^^
  File "/root/miniconda3/lib/python3.12/site-packages/sympy/core/sympify.py", line 507, in sympify
    expr = parse_expr(a, local_dict=locals, transformations=transformations, evaluate=evaluate)
           ^^^^^^^^^^^^^^^^^^^^^^^^^^^^^^^^^^^^^^^^^^^^^^^^^^^^^^^^^^^^^^^^^^^^^^^^^^^^^^^^^^^^
  File "/root/miniconda3/lib/python3.12/site-packages/sympy/parsing/sympy_parser.py", line 1090, in parse_expr
    raise e from ValueError(f"Error from parse_expr with transformed code: {code!r}")
  File "/root/miniconda3/lib/python3.12/site-packages/sympy/parsing/sympy_parser.py", line 1081, in parse_expr
    rv = eval_expr(code, local_dict, global_dict)
         ^^^^^^^^^^^^^^^^^^^^^^^^^^^^^^^^^^^^^^^^
  File "/root/miniconda3/lib/python3.12/site-packages/sympy/parsing/sympy_parser.py", line 905, in eval_expr
    expr = eval(
           ^^^^^
  File "<string>", line 1, in <module>
TypeError: unsupported operand type(s) for -: 'FunctionClass' and 'One'
/root/miniconda3/lib/python3.12/site-packages/juliacall/__init__.py:61: UserWarning: torch was imported before juliacall. This may cause a segfault. To avoid this, import juliacall before importing torch. For updates, see https://github.com/pytorch/pytorch/issues/78829.
  warnings.warn(
