[start] Wed May  6 19:03:24 CST 2026
[env]
pysr True
pmlb False
sklearn True
sympy True
numpy True
pandas True
Looking in indexes: http://mirrors.aliyun.com/pypi/simple
Collecting pmlb
  Downloading http://mirrors.aliyun.com/pypi/packages/db/e3/6e6d1cb10b6736ceb1693f6ad8f8f979a3c8a101e9b20c4fd1a1613d3a76/pmlb-1.0.1.post3-py3-none-any.whl (19 kB)
Requirement already satisfied: pandas>=1.0.5 in /root/miniconda3/lib/python3.12/site-packages (from pmlb) (3.0.2)
Requirement already satisfied: requests>=2.24.0 in /root/miniconda3/lib/python3.12/site-packages (from pmlb) (2.31.0)
Requirement already satisfied: pyyaml>=5.3.1 in /root/miniconda3/lib/python3.12/site-packages (from pmlb) (6.0.2)
Requirement already satisfied: numpy>=1.26.0 in /root/miniconda3/lib/python3.12/site-packages (from pandas>=1.0.5->pmlb) (2.3.2)
Requirement already satisfied: python-dateutil>=2.8.2 in /root/miniconda3/lib/python3.12/site-packages (from pandas>=1.0.5->pmlb) (2.9.0.post0)
Requirement already satisfied: charset-normalizer<4,>=2 in /root/miniconda3/lib/python3.12/site-packages (from requests>=2.24.0->pmlb) (2.0.4)
Requirement already satisfied: idna<4,>=2.5 in /root/miniconda3/lib/python3.12/site-packages (from requests>=2.24.0->pmlb) (3.7)
Requirement already satisfied: urllib3<3,>=1.21.1 in /root/miniconda3/lib/python3.12/site-packages (from requests>=2.24.0->pmlb) (2.1.0)
Requirement already satisfied: certifi>=2017.4.17 in /root/miniconda3/lib/python3.12/site-packages (from requests>=2.24.0->pmlb) (2024.2.2)
Requirement already satisfied: six>=1.5 in /root/miniconda3/lib/python3.12/site-packages (from python-dateutil>=2.8.2->pandas>=1.0.5->pmlb) (1.17.0)
Installing collected packages: pmlb
Successfully installed pmlb-1.0.1.post3
[run] q=50 d=0 t=5 thr=0.70 seed=20260506
[run] q=50 d=0 t=5 thr=0.70 seed=20260507
[run] q=50 d=0 t=5 thr=0.70 seed=20260508
